c:\users\tkddl\psiddrive\1.project\opengl\hellowopengl\hellowopengl\colorchange\x64\debug\vc143.pdb
c:\users\tkddl\psiddrive\1.project\opengl\hellowopengl\hellowopengl\colorchange\x64\debug\vc143.idb
c:\users\tkddl\psiddrive\1.project\opengl\hellowopengl\hellowopengl\colorchange\x64\debug\colorchange.obj
c:\users\tkddl\psiddrive\1.project\opengl\hellowopengl\hellowopengl\x64\debug\colorchange.exe
c:\users\tkddl\psiddrive\1.project\opengl\hellowopengl\hellowopengl\x64\debug\colorchange.pdb
c:\users\tkddl\psiddrive\1.project\opengl\hellowopengl\hellowopengl\colorchange\x64\debug\colorchange.ilk
d:\2.project\9999.my\hellowopengl\hellowopengl\colorchange\x64\debug\colorchange.obj
d:\2.project\9999.my\hellowopengl\hellowopengl\colorchange\x64\debug\colorchange.ilk
d:\2.project\9999.my\hellowopengl\hellowopengl\colorchange\x64\debug\vc143.idb
d:\2.project\9999.my\hellowopengl\hellowopengl\colorchange\x64\debug\vc143.pdb
d:\2.project\9999.my\hellowopengl\hellowopengl\x64\debug\colorchange.pdb
d:\2.project\9999.my\hellowopengl\hellowopengl\x64\debug\colorchange.exe
d:\2.project\9999.my\hellowopengl\hellowopengl\colorchange\x64\debug\colorchange.tlog\cl.command.1.tlog
d:\2.project\9999.my\hellowopengl\hellowopengl\colorchange\x64\debug\colorchange.tlog\cl.items.tlog
d:\2.project\9999.my\hellowopengl\hellowopengl\colorchange\x64\debug\colorchange.tlog\cl.read.1.tlog
d:\2.project\9999.my\hellowopengl\hellowopengl\colorchange\x64\debug\colorchange.tlog\cl.write.1.tlog
d:\2.project\9999.my\hellowopengl\hellowopengl\colorchange\x64\debug\colorchange.tlog\link.command.1.tlog
d:\2.project\9999.my\hellowopengl\hellowopengl\colorchange\x64\debug\colorchange.tlog\link.read.1.tlog
d:\2.project\9999.my\hellowopengl\hellowopengl\colorchange\x64\debug\colorchange.tlog\link.secondary.1.tlog
d:\2.project\9999.my\hellowopengl\hellowopengl\colorchange\x64\debug\colorchange.tlog\link.write.1.tlog
